#
# There is insufficient memory for the Java Runtime Environment to continue.
# Native memory allocation (malloc) failed to allocate 249776 bytes. Error detail: Chunk::new
# Possible reasons:
#   The system is out of physical RAM or swap space
#   This process is running with CompressedOops enabled, and the Java Heap may be blocking the growth of the native heap
# Possible solutions:
#   Reduce memory load on the system
#   Increase physical memory or swap space
#   Check if swap backing store is full
#   Decrease Java heap size (-Xmx/-Xms)
#   Decrease number of Java threads
#   Decrease Java thread stack sizes (-Xss)
#   Set larger code cache with -XX:ReservedCodeCacheSize=
#   JVM is running with Unscaled Compressed Oops mode in which the Java heap is
#     placed in the first 4GB address space. The Java Heap base address is the
#     maximum limit for the native heap growth. Please use -XX:HeapBaseMinAddress
#     to set the Java Heap base and to place the Java Heap above 4GB virtual address.
# This output file may be truncated or incomplete.
#
#  Out of Memory Error (arena.cpp:168), pid=31388, tid=16868
#
# JRE version: OpenJDK Runtime Environment Temurin-21.0.10+7 (21.0.10+7) (build 21.0.10+7-LTS)
# Java VM: OpenJDK 64-Bit Server VM Temurin-21.0.10+7 (21.0.10+7-LTS, mixed mode, sharing, tiered, compressed oops, compressed class ptrs, parallel gc, windows-amd64)
# No core dump will be written. Minidumps are not enabled by default on client versions of Windows
#

---------------  S U M M A R Y ------------

Command Line: --add-modules=ALL-SYSTEM --add-opens=java.base/java.util=ALL-UNNAMED --add-opens=java.base/java.lang=ALL-UNNAMED --add-opens=java.base/sun.nio.fs=ALL-UNNAMED -Declipse.application=org.eclipse.jdt.ls.core.id1 -Dosgi.bundles.defaultStartLevel=4 -Declipse.product=org.eclipse.jdt.ls.core.product -Djava.import.generatesMetadataFilesAtProjectRoot=false -DDetectVMInstallationsJob.disabled=true -Dfile.encoding=utf8 -XX:+UseParallelGC -XX:GCTimeRatio=4 -XX:AdaptiveSizePolicyWeight=90 -Dsun.zip.disableMemoryMapping=true -Xmx2G -Xms100m -Xlog:disable -javaagent:c:\Users\86137\.trae-cn\extensions\redhat.java-1.53.0-win32-x64\lombok\lombok-1.18.39-4050.jar -XX:+HeapDumpOnOutOfMemoryError -XX:HeapDumpPath=c:\Users\86137\AppData\Roaming\Trae CN\User\workspaceStorage\b8e0054e22aa870547ae800d3a63b6ad\redhat.java -Daether.dependencyCollector.impl=bf c:\Users\86137\.trae-cn\extensions\redhat.java-1.53.0-win32-x64\server\plugins\org.eclipse.equinox.launcher_1.7.100.v20251111-0406.jar -configuration c:\Users\86137\AppData\Roaming\Trae CN\User\globalStorage\redhat.java\1.53.0\config_win -data c:\Users\86137\AppData\Roaming\Trae CN\User\workspaceStorage\b8e0054e22aa870547ae800d3a63b6ad\redhat.java\jdt_ws --pipe=\\.\pipe\lsp-c5bf6a41fccbde5b7075324093be8f52-sock

Host: 12th Gen Intel(R) Core(TM) i7-12700H, 20 cores, 15G,  Windows 11 , 64 bit Build 26100 (10.0.26100.7920)
Time: Fri Mar 20 11:19:49 2026 elapsed time: 6.002906 seconds (0d 0h 0m 6s)

---------------  T H R E A D  ---------------

Current thread (0x000002d486df98b0):  JavaThread "C2 CompilerThread0" daemon [_thread_in_native, id=16868, stack(0x000000f9bb200000,0x000000f9bb300000) (1024K)]


Current CompileTask:
C2:6002 1387       4       java.io.DataInputStream::readUTF (501 bytes)

Stack: [0x000000f9bb200000,0x000000f9bb300000]
Native frames: (J=compiled Java code, j=interpreted, Vv=VM code, C=native code)
V  [jvm.dll+0x6d7a39]
V  [jvm.dll+0x8b4b26]
V  [jvm.dll+0x8b70de]
V  [jvm.dll+0x8b77c3]
V  [jvm.dll+0x284346]
V  [jvm.dll+0xc66ed]
V  [jvm.dll+0xc6c31]
V  [jvm.dll+0x2fb29e]
V  [jvm.dll+0x5fe884]
V  [jvm.dll+0x255b17]
V  [jvm.dll+0x24e21f]
V  [jvm.dll+0x24ba42]
V  [jvm.dll+0x1cb34e]
V  [jvm.dll+0x25b85d]
V  [jvm.dll+0x259dea]
V  [jvm.dll+0x3f857e]
V  [jvm.dll+0x85f59d]
V  [jvm.dll+0x6d626d]
C  [ucrtbase.dll+0x37b0]
C  [KERNEL32.DLL+0x2e8d7]
C  [ntdll.dll+0x8c48c]


---------------  P R O C E S S  ---------------

Threads class SMR info:
_java_thread_list=0x000002d4e684df20, length=14, elements={
0x000002d484a6c720, 0x000002d4dfc7bea0, 0x000002d4dfc7eb90, 0x000002d4dfc820f0,
0x000002d4dfc83100, 0x000002d486de7790, 0x000002d486deb920, 0x000002d486df98b0,
0x000002d486df9f60, 0x000002d4dfd512d0, 0x000002d4dfd51980, 0x000002d4dfedb2f0,
0x000002d4e60cb470, 0x000002d4e65e5e20
}

Java Threads: ( => current thread )
  0x000002d484a6c720 JavaThread "main"                              [_thread_in_Java, id=28156, stack(0x000000f9ba800000,0x000000f9ba900000) (1024K)]
  0x000002d4dfc7bea0 JavaThread "Reference Handler"          daemon [_thread_blocked, id=19956, stack(0x000000f9bac00000,0x000000f9bad00000) (1024K)]
  0x000002d4dfc7eb90 JavaThread "Finalizer"                  daemon [_thread_blocked, id=27324, stack(0x000000f9bad00000,0x000000f9bae00000) (1024K)]
  0x000002d4dfc820f0 JavaThread "Signal Dispatcher"          daemon [_thread_blocked, id=29348, stack(0x000000f9bae00000,0x000000f9baf00000) (1024K)]
  0x000002d4dfc83100 JavaThread "Attach Listener"            daemon [_thread_blocked, id=29344, stack(0x000000f9baf00000,0x000000f9bb000000) (1024K)]
  0x000002d486de7790 JavaThread "Service Thread"             daemon [_thread_blocked, id=28760, stack(0x000000f9bb000000,0x000000f9bb100000) (1024K)]
  0x000002d486deb920 JavaThread "Monitor Deflation Thread"   daemon [_thread_blocked, id=3280, stack(0x000000f9bb100000,0x000000f9bb200000) (1024K)]
=>0x000002d486df98b0 JavaThread "C2 CompilerThread0"         daemon [_thread_in_native, id=16868, stack(0x000000f9bb200000,0x000000f9bb300000) (1024K)]
  0x000002d486df9f60 JavaThread "C1 CompilerThread0"         daemon [_thread_in_native, id=11704, stack(0x000000f9bb300000,0x000000f9bb400000) (1024K)]
  0x000002d4dfd512d0 JavaThread "C1 CompilerThread1"         daemon [_thread_in_native, id=1172, stack(0x000000f9bb400000,0x000000f9bb500000) (1024K)]
  0x000002d4dfd51980 
[error occurred during error reporting (printing all threads), id 0xc0000005, EXCEPTION_ACCESS_VIOLATION (0xc0000005) at pc=0x0000000000000000]
VM state: not at safepoint (normal execution)

VM Mutex/Monitor currently owned by a thread:  ([mutex/lock_event])
[0x00007ff8e2ded060] MethodCompileQueue_lock - owner thread: 0x000002d4dfd512d0
[0x00007ff8e2dee460] CodeCache_lock - owner thread: 0x000002d4dfd512d0

Heap address: 0x0000000080000000, size: 2048 MB, Compressed Oops mode: 32-bit

CDS archive(s) mapped at: [0x000002d49e000000-0x000002d49eba0000-0x000002d49eba0000), size 12189696, SharedBaseAddress: 0x000002d49e000000, ArchiveRelocationMode: 1.
Compressed class space mapped at: 0x000002d49f000000-0x000002d4df000000, reserved size: 1073741824
Narrow klass base: 0x000002d49e000000, Narrow klass shift: 0, Narrow klass range: 0x100000000

GC Precious Log:
 CardTable entry size: 512
 CPUs: 20 total, 20 available
 Memory: 16004M
 Large Page Support: Disabled
 NUMA Support: Disabled
 Compressed Oops: Enabled (32-bit)
 Alignments: Space 512K, Generation 512K, Heap 2M
 Heap Min Capacity: 100M
 Heap Initial Capacity: 100M
 Heap Max Capacity: 2G
 Pre-touch: Disabled
 Parallel Workers: 15

Heap:
 PSYoungGen      total 29696K, used 14239K [0x00000000d5580000, 0x00000000d7680000, 0x0000000100000000)
  eden space 25600K, 40% used [0x00000000d5580000,0x00000000d5fbef40,0x00000000d6e80000)
  from space 4096K, 91% used [0x00000000d6e80000,0x00000000d7229000,0x00000000d7280000)
  to   space 4096K, 0% used [0x00000000d7280000,0x00000000d7280000,0x00000000d7680000)
 ParOldGen       total 68608K, used 16K [0x0000000080000000, 0x0000000084300000, 0x00000000d5580000)
  object space 68608K, 0% used [0x0000000080000000,0x0000000080004000,0x0000000084300000)
 Metaspace       used 6004K, committed 6336K, reserved 1114112K
  class space    used 619K, committed 768K, reserved 1048576K

Card table byte_map: [0x000002d486710000,0x000002d486b20000] _byte_map_base: 0x000002d486310000

Marking Bits: (ParMarkBitMap*) 0x00007ff8e2df3450
 Begin Bits: [0x000002d4991f0000, 0x000002d49b1f0000)
 End Bits:   [0x000002d49b1f0000, 0x000002d49d1f0000)

Polling page: 0x000002d486500000

Metaspace:

Usage:
  Non-class:      5.26 MB used.
      Class:    619.38 KB used.
       Both:      5.87 MB used.

Virtual space:
  Non-class space:       64.00 MB reserved,       5.44 MB (  8%) committed,  1 nodes.
      Class space:        1.00 GB reserved,     768.00 KB ( <1%) committed,  1 nodes.
             Both:        1.06 GB reserved,       6.19 MB ( <1%) committed. 

Chunk freelists:
   Non-Class:  10.16 MB
       Class:  15.08 MB
        Both:  25.23 MB

MaxMetaspaceSize: unlimited
CompressedClassSpaceSize: 1.00 GB
Initial GC threshold: 21.00 MB
Current GC threshold: 21.00 MB
CDS: on
 - commit_granule_bytes: 65536.
 - commit_granule_words: 8192.
 - virtual_space_node_default_size: 8388608.
 - enlarge_chunks_in_place: 1.
 - use_allocation_guard: 0.


Internal statistics:

num_allocs_failed_limit: 0.
num_arena_births: 190.
num_arena_deaths: 0.
num_vsnodes_births: 2.
num_vsnodes_deaths: 0.
num_space_committed: 99.
num_space_uncommitted: 0.
num_chunks_returned_to_freelist: 0.
num_chunks_taken_from_freelist: 310.
num_chunk_merges: 0.
num_chunk_splits: 197.
num_chunks_enlarged: 123.
num_inconsistent_stats: 0.

CodeHeap 'non-profiled nmethods': size=119168Kb used=524Kb max_used=524Kb free=118643Kb
 bounds [0x000002d491ae0000, 0x000002d491d50000, 0x000002d498f40000]
CodeHeap 'profiled nmethods': size=119104Kb used=2435Kb max_used=2435Kb free=116668Kb
 bounds [0x000002d489f40000, 0x000002d48a1b0000, 0x000002d491390000]
CodeHeap 'non-nmethods': size=7488Kb used=1770Kb max_used=2912Kb free=5717Kb
 bounds [0x000002d491390000, 0x000002d491670000, 0x000002d491ae0000]
CodeCache: size=245760Kb, used=4729Kb, max_used=5871Kb, free=241028Kb
 total_blobs=1880, nmethods=1405, adapters=381, full_count=0
Compilation: enabled, stopped_count=0, restarted_count=0

Compilation events (20 events):
Event: 3.969 Thread 0x000002d4dfd512d0 nmethod 1389 0x000002d48a18c590 code [0x000002d48a18c900, 0x000002d48a18dde0]
Event: 3.971 Thread 0x000002d4dfd51980 1400       3       java.lang.StringLatin1::toChars (16 bytes)
Event: 3.971 Thread 0x000002d4dfd51980 nmethod 1400 0x000002d48a18e510 code [0x000002d48a18e6c0, 0x000002d48a18e8a0]
Event: 3.971 Thread 0x000002d4dfd512d0 1401       3       org.eclipse.osgi.container.ModuleDatabase$Persistence::readString (7 bytes)
Event: 3.971 Thread 0x000002d4dfd512d0 nmethod 1401 0x000002d48a18e990 code [0x000002d48a18eb40, 0x000002d48a18ec60]
Event: 3.971 Thread 0x000002d486df9f60 1402       3       org.eclipse.osgi.container.ModuleDatabase$Persistence::readMapValue (111 bytes)
Event: 3.971 Thread 0x000002d4dfd51980 1403       3       org.eclipse.osgi.container.ModuleDatabase$Persistence::readVersion0 (96 bytes)
Event: 3.972 Thread 0x000002d486df9f60 nmethod 1402 0x000002d48a18ed10 code [0x000002d48a18f0a0, 0x000002d48a1903f8]
Event: 3.973 Thread 0x000002d4dfd51980 nmethod 1403 0x000002d48a190b10 code [0x000002d48a190f60, 0x000002d48a192d80]
Event: 3.973 Thread 0x000002d4dfd51980 1405       3       org.eclipse.osgi.container.ModuleDatabase$Persistence::readMap (118 bytes)
Event: 3.973 Thread 0x000002d486df9f60 1404       3       org.eclipse.osgi.container.ModuleDatabase$Persistence::readIndexedMap (16 bytes)
Event: 3.974 Thread 0x000002d486df9f60 nmethod 1404 0x000002d48a193790 code [0x000002d48a1939c0, 0x000002d48a1940b8]
Event: 3.974 Thread 0x000002d4dfd51980 nmethod 1405 0x000002d48a194410 code [0x000002d48a1947c0, 0x000002d48a195d48]
Event: 3.975 Thread 0x000002d4dfd512d0 1409       3       org.eclipse.osgi.container.ModuleDatabase$Persistence::readListValue (97 bytes)
Event: 3.976 Thread 0x000002d4dfd512d0 nmethod 1409 0x000002d48a196690 code [0x000002d48a196a00, 0x000002d48a197cd0]
Event: 3.978 Thread 0x000002d486df9f60 1411       3       org.eclipse.osgi.container.ModuleDatabase$Persistence::readList (78 bytes)
Event: 3.979 Thread 0x000002d486df9f60 nmethod 1411 0x000002d48a198410 code [0x000002d48a198740, 0x000002d48a1998e8]
Event: 3.980 Thread 0x000002d486df9f60 1413       3       sun.net.www.protocol.jar.Handler::checkNestedProtocol (18 bytes)
Event: 3.980 Thread 0x000002d486df9f60 nmethod 1413 0x000002d48a19a110 code [0x000002d48a19a2c0, 0x000002d48a19a498]
Event: 3.981 Thread 0x000002d486df9f60 1414   !   3       java.util.jar.JarVerifier::processEntry (437 bytes)

GC Heap History (2 events):
Event: 0.666 GC heap before
{Heap before GC invocations=1 (full 0):
 PSYoungGen      total 29696K, used 25600K [0x00000000d5580000, 0x00000000d7680000, 0x0000000100000000)
  eden space 25600K, 100% used [0x00000000d5580000,0x00000000d6e80000,0x00000000d6e80000)
  from space 4096K, 0% used [0x00000000d7280000,0x00000000d7280000,0x00000000d7680000)
  to   space 4096K, 0% used [0x00000000d6e80000,0x00000000d6e80000,0x00000000d7280000)
 ParOldGen       total 68608K, used 0K [0x0000000080000000, 0x0000000084300000, 0x00000000d5580000)
  object space 68608K, 0% used [0x0000000080000000,0x0000000080000000,0x0000000084300000)
 Metaspace       used 4195K, committed 4480K, reserved 1114112K
  class space    used 458K, committed 576K, reserved 1048576K
}
Event: 0.671 GC heap after
{Heap after GC invocations=1 (full 0):
 PSYoungGen      total 29696K, used 3748K [0x00000000d5580000, 0x00000000d7680000, 0x0000000100000000)
  eden space 25600K, 0% used [0x00000000d5580000,0x00000000d5580000,0x00000000d6e80000)
  from space 4096K, 91% used [0x00000000d6e80000,0x00000000d7229000,0x00000000d7280000)
  to   space 4096K, 0% used [0x00000000d7280000,0x00000000d7280000,0x00000000d7680000)
 ParOldGen       total 68608K, used 16K [0x0000000080000000, 0x0000000084300000, 0x00000000d5580000)
  object space 68608K, 0% used [0x0000000080000000,0x0000000080004000,0x0000000084300000)
 Metaspace       used 4195K, committed 4480K, reserved 1114112K
  class space    used 458K, committed 576K, reserved 1048576K
}

Dll operation events (8 events):
Event: 0.015 Loaded shared library c:\Users\86137\.trae-cn\extensions\redhat.java-1.53.0-win32-x64\jre\21.0.10-win32-x86_64\bin\java.dll
Event: 0.059 Loaded shared library c:\Users\86137\.trae-cn\extensions\redhat.java-1.53.0-win32-x64\jre\21.0.10-win32-x86_64\bin\zip.dll
Event: 0.118 Loaded shared library C:\Users\86137\.trae-cn\extensions\redhat.java-1.53.0-win32-x64\jre\21.0.10-win32-x86_64\bin\instrument.dll
Event: 0.123 Loaded shared library C:\Users\86137\.trae-cn\extensions\redhat.java-1.53.0-win32-x64\jre\21.0.10-win32-x86_64\bin\net.dll
Event: 0.126 Loaded shared library C:\Users\86137\.trae-cn\extensions\redhat.java-1.53.0-win32-x64\jre\21.0.10-win32-x86_64\bin\nio.dll
Event: 0.128 Loaded shared library C:\Users\86137\.trae-cn\extensions\redhat.java-1.53.0-win32-x64\jre\21.0.10-win32-x86_64\bin\zip.dll
Event: 0.148 Loaded shared library C:\Users\86137\.trae-cn\extensions\redhat.java-1.53.0-win32-x64\jre\21.0.10-win32-x86_64\bin\jimage.dll
Event: 0.216 Loaded shared library c:\Users\86137\.trae-cn\extensions\redhat.java-1.53.0-win32-x64\jre\21.0.10-win32-x86_64\bin\verify.dll

Deoptimization events (20 events):
Event: 0.767 Thread 0x000002d484a6c720 Uncommon trap: trap_request=0xffffff45 fr.pc=0x000002d491b47a3c relative=0x000000000000027c
Event: 0.767 Thread 0x000002d484a6c720 Uncommon trap: reason=unstable_if action=reinterpret pc=0x000002d491b47a3c method=java.util.HashMap.hash(Ljava/lang/Object;)I @ 1 c2
Event: 0.767 Thread 0x000002d484a6c720 DEOPT PACKING pc=0x000002d491b47a3c sp=0x000000f9ba8fe550
Event: 0.767 Thread 0x000002d484a6c720 DEOPT UNPACKING pc=0x000002d4913e3aa2 sp=0x000000f9ba8fe458 mode 2
Event: 0.767 Thread 0x000002d484a6c720 Uncommon trap: trap_request=0xffffff45 fr.pc=0x000002d491b40bd0 relative=0x00000000000000b0
Event: 0.767 Thread 0x000002d484a6c720 Uncommon trap: reason=unstable_if action=reinterpret pc=0x000002d491b40bd0 method=java.util.HashMap.hash(Ljava/lang/Object;)I @ 1 c2
Event: 0.767 Thread 0x000002d484a6c720 DEOPT PACKING pc=0x000002d491b40bd0 sp=0x000000f9ba8fe600
Event: 0.767 Thread 0x000002d484a6c720 DEOPT UNPACKING pc=0x000002d4913e3aa2 sp=0x000000f9ba8fe598 mode 2
Event: 0.767 Thread 0x000002d484a6c720 Uncommon trap: trap_request=0xffffffde fr.pc=0x000002d491b26170 relative=0x0000000000000550
Event: 0.767 Thread 0x000002d484a6c720 Uncommon trap: reason=class_check action=maybe_recompile pc=0x000002d491b26170 method=java.util.Collections$UnmodifiableCollection$1.<init>(Ljava/util/Collections$UnmodifiableCollection;)V @ 17 c2
Event: 0.767 Thread 0x000002d484a6c720 DEOPT PACKING pc=0x000002d491b26170 sp=0x000000f9ba8fe630
Event: 0.767 Thread 0x000002d484a6c720 DEOPT UNPACKING pc=0x000002d4913e3aa2 sp=0x000000f9ba8fe578 mode 2
Event: 2.886 Thread 0x000002d484a6c720 Uncommon trap: trap_request=0xffffff45 fr.pc=0x000002d491b27078 relative=0x0000000000000198
Event: 2.886 Thread 0x000002d484a6c720 Uncommon trap: reason=unstable_if action=reinterpret pc=0x000002d491b27078 method=java.lang.invoke.VarHandle.checkAccessModeThenIsDirect(Ljava/lang/invoke/VarHandle$AccessDescriptor;)Z @ 4 c2
Event: 2.886 Thread 0x000002d484a6c720 DEOPT PACKING pc=0x000002d491b27078 sp=0x000000f9ba8fe5e0
Event: 2.886 Thread 0x000002d484a6c720 DEOPT UNPACKING pc=0x000002d4913e3aa2 sp=0x000000f9ba8fe538 mode 2
Event: 3.948 Thread 0x000002d484a6c720 Uncommon trap: trap_request=0xffffffde fr.pc=0x000002d491b28f14 relative=0x00000000000004f4
Event: 3.948 Thread 0x000002d484a6c720 Uncommon trap: reason=class_check action=maybe_recompile pc=0x000002d491b28f14 method=java.util.Collections$UnmodifiableCollection$1.<init>(Ljava/util/Collections$UnmodifiableCollection;)V @ 17 c2
Event: 3.948 Thread 0x000002d484a6c720 DEOPT PACKING pc=0x000002d491b28f14 sp=0x000000f9ba8fe660
Event: 3.948 Thread 0x000002d484a6c720 DEOPT UNPACKING pc=0x000002d4913e3aa2 sp=0x000000f9ba8fe618 mode 2

Classes loaded (20 events):
Event: 3.949 Loading class java/util/AbstractQueue done
Event: 3.949 Loading class java/util/concurrent/SynchronousQueue done
Event: 3.949 Loading class java/util/concurrent/SynchronousQueue$Transferer
Event: 3.949 Loading class java/util/concurrent/LinkedTransferQueue
Event: 3.950 Loading class java/util/concurrent/TransferQueue
Event: 3.950 Loading class java/util/concurrent/TransferQueue done
Event: 3.950 Loading class java/util/concurrent/LinkedTransferQueue done
Event: 3.950 Loading class java/util/concurrent/SynchronousQueue$Transferer done
Event: 3.950 Loading class java/util/concurrent/LinkedTransferQueue$DualNode
Event: 3.950 Loading class java/util/concurrent/LinkedTransferQueue$DualNode done
Event: 3.951 Loading class java/util/concurrent/RejectedExecutionHandler
Event: 3.951 Loading class java/util/concurrent/RejectedExecutionHandler done
Event: 3.951 Loading class java/util/concurrent/LinkedBlockingQueue
Event: 3.952 Loading class java/util/concurrent/LinkedBlockingQueue done
Event: 3.952 Loading class java/util/concurrent/LinkedBlockingQueue$Node
Event: 3.952 Loading class java/util/concurrent/LinkedBlockingQueue$Node done
Event: 3.961 Loading class java/util/concurrent/Semaphore$NonfairSync
Event: 3.961 Loading class java/util/concurrent/Semaphore$Sync
Event: 3.962 Loading class java/util/concurrent/Semaphore$Sync done
Event: 3.962 Loading class java/util/concurrent/Semaphore$NonfairSync done

Classes unloaded (0 events):
No events

Classes redefined (0 events):
No events

Internal exceptions (20 events):
Event: 0.499 Thread 0x000002d484a6c720 Exception <a 'java/io/FileNotFoundException'{0x00000000d667ec90}> (0x00000000d667ec90) 
thrown [s\src\hotspot\share\prims\jni.cpp, line 520]
Event: 0.499 Thread 0x000002d484a6c720 Exception <a 'java/io/FileNotFoundException'{0x00000000d66800f8}> (0x00000000d66800f8) 
thrown [s\src\hotspot\share\prims\jni.cpp, line 520]
Event: 0.499 Thread 0x000002d484a6c720 Exception <a 'java/io/FileNotFoundException'{0x00000000d6681118}> (0x00000000d6681118) 
thrown [s\src\hotspot\share\prims\jni.cpp, line 520]
Event: 0.499 Thread 0x000002d484a6c720 Exception <a 'java/io/FileNotFoundException'{0x00000000d6681db0}> (0x00000000d6681db0) 
thrown [s\src\hotspot\share\prims\jni.cpp, line 520]
Event: 0.506 Thread 0x000002d484a6c720 Exception <a 'java/io/FileNotFoundException'{0x00000000d66bc080}> (0x00000000d66bc080) 
thrown [s\src\hotspot\share\prims\jni.cpp, line 520]
Event: 0.517 Thread 0x000002d484a6c720 Exception <a 'java/lang/NoSuchMethodError'{0x00000000d66f89b8}: 'java.lang.Object java.lang.invoke.DirectMethodHandle$Holder.invokeInterface(java.lang.Object, java.lang.Object)'> (0x00000000d66f89b8) 
thrown [s\src\hotspot\share\interpreter\linkResolver.cpp, line 773]
Event: 0.520 Thread 0x000002d484a6c720 Exception <a 'java/lang/NoSuchMethodError'{0x00000000d670c6a0}: 'java.lang.Object java.lang.invoke.Invokers$Holder.invokeExact_MT(java.lang.Object, java.lang.Object, java.lang.Object, java.lang.Object, java.lang.Object, java.lang.Object)'> (0x00000000d670c6a0) 
thrown [s\src\hotspot\share\interpreter\linkResolver.cpp, line 773]
Event: 0.524 Thread 0x000002d484a6c720 Exception <a 'java/lang/NoSuchMethodError'{0x00000000d6723778}: 'int java.lang.invoke.DirectMethodHandle$Holder.invokeStatic(java.lang.Object, java.lang.Object, java.lang.Object, java.lang.Object, java.lang.Object)'> (0x00000000d6723778) 
thrown [s\src\hotspot\share\interpreter\linkResolver.cpp, line 773]
Event: 0.543 Thread 0x000002d484a6c720 Exception <a 'java/lang/NoSuchMethodError'{0x00000000d67b90f8}: 'java.lang.Object java.lang.invoke.DirectMethodHandle$Holder.invokeInterface(java.lang.Object, java.lang.Object, int)'> (0x00000000d67b90f8) 
thrown [s\src\hotspot\share\interpreter\linkResolver.cpp, line 773]
Event: 0.642 Thread 0x000002d484a6c720 Exception <a 'java/lang/NoSuchMethodError'{0x00000000d6c22cd0}: 'java.lang.ClassLoader java.lang.ClassLoader.getPlatformClassLoader(java.lang.Class)'> (0x00000000d6c22cd0) 
thrown [s\src\hotspot\share\interpreter\linkResolver.cpp, line 773]
Event: 0.704 Thread 0x000002d484a6c720 Exception <a 'java/lang/ClassNotFoundException'{0x00000000d577c7f0}: sun/net/www/protocol/c/Handler> (0x00000000d577c7f0) 
thrown [s\src\hotspot\share\classfile\systemDictionary.cpp, line 312]
Event: 0.704 Thread 0x000002d484a6c720 Exception <a 'java/lang/ClassNotFoundException'{0x00000000d577db50}: sun/net/www/protocol/d/Handler> (0x00000000d577db50) 
thrown [s\src\hotspot\share\classfile\systemDictionary.cpp, line 312]
Event: 0.705 Thread 0x000002d484a6c720 Exception <a 'java/lang/ClassNotFoundException'{0x00000000d577ecc8}: sun/net/www/protocol/c/Handler> (0x00000000d577ecc8) 
thrown [s\src\hotspot\share\classfile\systemDictionary.cpp, line 312]
Event: 0.712 Thread 0x000002d484a6c720 Exception <a 'java/io/FileNotFoundException'{0x00000000d57b2948}> (0x00000000d57b2948) 
thrown [s\src\hotspot\share\prims\jni.cpp, line 520]
Event: 0.765 Thread 0x000002d484a6c720 Implicit null exception at 0x000002d491b523c9 to 0x000002d491b52e94
Event: 0.765 Thread 0x000002d484a6c720 Implicit null exception at 0x000002d491b4499a to 0x000002d491b44ba0
Event: 0.765 Thread 0x000002d484a6c720 Exception <a 'java/lang/NoSuchMethodError'{0x00000000d58e28a8}: 'void java.lang.invoke.DirectMethodHandle$Holder.invokeStatic(java.lang.Object, java.lang.Object, java.lang.Object, java.lang.Object)'> (0x00000000d58e28a8) 
thrown [s\src\hotspot\share\interpreter\linkResolver.cpp, line 773]
Event: 0.767 Thread 0x000002d484a6c720 Implicit null exception at 0x000002d491b4781a to 0x000002d491b47a24
Event: 0.767 Thread 0x000002d484a6c720 Implicit null exception at 0x000002d491b40b3d to 0x000002d491b40bc1
Event: 2.899 Thread 0x000002d484a6c720 Exception <a 'java/lang/NoSuchMethodError'{0x00000000d5c3eab0}: 'void java.lang.invoke.DirectMethodHandle$Holder.invokeSpecial(java.lang.Object, java.lang.Object, java.lang.Object)'> (0x00000000d5c3eab0) 
thrown [s\src\hotspot\share\interpreter\linkResolver.cpp, line 773]

ZGC Phase Switch (0 events):
No events

VM Operations (19 events):
Event: 0.161 Executing non-safepoint VM operation: HandshakeAllThreads (Deoptimize)
Event: 0.161 Executing non-safepoint VM operation: HandshakeAllThreads (Deoptimize) done
Event: 0.448 Executing non-safepoint VM operation: HandshakeAllThreads (Deoptimize)
Event: 0.448 Executing non-safepoint VM operation: HandshakeAllThreads (Deoptimize) done
Event: 0.461 Executing non-safepoint VM operation: HandshakeAllThreads (Deoptimize)
Event: 0.461 Executing non-safepoint VM operation: HandshakeAllThreads (Deoptimize) done
Event: 0.657 Executing safepoint VM operation: ICBufferFull
Event: 0.658 Executing safepoint VM operation: ICBufferFull done
Event: 0.666 Executing safepoint VM operation: ParallelGCFailedAllocation (Allocation Failure)
Event: 0.671 Executing safepoint VM operation: ParallelGCFailedAllocation (Allocation Failure) done
Event: 0.685 Executing non-safepoint VM operation: HandshakeAllThreads (Deoptimize)
Event: 0.685 Executing non-safepoint VM operation: HandshakeAllThreads (Deoptimize) done
Event: 1.696 Executing safepoint VM operation: Cleanup
Event: 1.807 Executing safepoint VM operation: Cleanup done
Event: 2.818 Executing safepoint VM operation: Cleanup
Event: 2.818 Executing safepoint VM operation: Cleanup done
Event: 3.834 Executing safepoint VM operation: Cleanup
Event: 3.929 Executing safepoint VM operation: Cleanup done
Event: 4.940 Executing safepoint VM operation: Cleanup

Memory protections (0 events):
No events

Nmethod flushes (0 events):
No events

Events (20 events):
Event: 0.044 Thread 0x000002d484a6c720 Thread added: 0x000002d484a6c720
Event: 0.070 Thread 0x000002d484a6c720 Thread added: 0x000002d4dfc7bea0
Event: 0.070 Thread 0x000002d484a6c720 Thread added: 0x000002d4dfc7eb90
Event: 0.070 Thread 0x000002d484a6c720 Thread added: 0x000002d4dfc820f0
Event: 0.070 Thread 0x000002d484a6c720 Thread added: 0x000002d4dfc83100
Event: 0.071 Thread 0x000002d484a6c720 Thread added: 0x000002d486de7790
Event: 0.071 Thread 0x000002d484a6c720 Thread added: 0x000002d486deb920
Event: 0.071 Thread 0x000002d484a6c720 Thread added: 0x000002d486df98b0
Event: 0.071 Thread 0x000002d484a6c720 Thread added: 0x000002d486df9f60
Event: 0.097 Thread 0x000002d486df9f60 Thread added: 0x000002d4dfd512d0
Event: 0.097 Thread 0x000002d486df9f60 Thread added: 0x000002d4dfd51980
Event: 0.097 Thread 0x000002d486df9f60 Thread added: 0x000002d4dfde5610
Event: 0.103 Thread 0x000002d486df98b0 Thread added: 0x000002d4dfdea900
Event: 0.120 Thread 0x000002d484a6c720 Thread added: 0x000002d4dfedb2f0
Event: 0.297 Thread 0x000002d484a6c720 Thread added: 0x000002d4e60cb470
Event: 0.394 Thread 0x000002d4dfd51980 Thread added: 0x000002d4e61fbb00
Event: 1.808 Thread 0x000002d4e61fbb00 Thread exited: 0x000002d4e61fbb00
Event: 1.808 Thread 0x000002d4dfde5610 Thread exited: 0x000002d4dfde5610
Event: 1.808 Thread 0x000002d4dfdea900 Thread exited: 0x000002d4dfdea900
Event: 3.969 Thread 0x000002d486df9f60 Thread added: 0x000002d4e65e5e20


Dynamic libraries:
0x00007ff7e2800000 - 0x00007ff7e280e000 	c:\Users\86137\.trae-cn\extensions\redhat.java-1.53.0-win32-x64\jre\21.0.10-win32-x86_64\bin\java.exe
0x00007ff9f16a0000 - 0x00007ff9f1907000 	C:\WINDOWS\SYSTEM32\ntdll.dll
0x00007ff9f0530000 - 0x00007ff9f05f9000 	C:\WINDOWS\System32\KERNEL32.DLL
0x00007ff9eefb0000 - 0x00007ff9ef3a1000 	C:\WINDOWS\System32\KERNELBASE.dll
0x00007ff9eec10000 - 0x00007ff9eed5b000 	C:\WINDOWS\System32\ucrtbase.dll
0x00007ff9e9670000 - 0x00007ff9e9688000 	c:\Users\86137\.trae-cn\extensions\redhat.java-1.53.0-win32-x64\jre\21.0.10-win32-x86_64\bin\jli.dll
0x00007ff9f1490000 - 0x00007ff9f1655000 	C:\WINDOWS\System32\USER32.dll
0x00007ff9eeed0000 - 0x00007ff9eeef7000 	C:\WINDOWS\System32\win32u.dll
0x00007ff9f0500000 - 0x00007ff9f052b000 	C:\WINDOWS\System32\GDI32.dll
0x00007ff9ee0f0000 - 0x00007ff9ee21b000 	C:\WINDOWS\System32\gdi32full.dll
0x00007ff9eef00000 - 0x00007ff9eefa3000 	C:\WINDOWS\System32\msvcp_win.dll
0x00007ff9e5d70000 - 0x00007ff9e5d8e000 	c:\Users\86137\.trae-cn\extensions\redhat.java-1.53.0-win32-x64\jre\21.0.10-win32-x86_64\bin\VCRUNTIME140.dll
0x00007ff9d3440000 - 0x00007ff9d36d3000 	C:\WINDOWS\WinSxS\amd64_microsoft.windows.common-controls_6595b64144ccf1df_6.0.26100.8037_none_3e092faae333b53b\COMCTL32.dll
0x00007ff9f0760000 - 0x00007ff9f0809000 	C:\WINDOWS\System32\msvcrt.dll
0x00007ff9ef880000 - 0x00007ff9ef8b1000 	C:\WINDOWS\System32\IMM32.DLL
0x00007ff9d1f90000 - 0x00007ff9d1f9c000 	c:\Users\86137\.trae-cn\extensions\redhat.java-1.53.0-win32-x64\jre\21.0.10-win32-x86_64\bin\vcruntime140_1.dll
0x00007ff9856b0000 - 0x00007ff98573d000 	c:\Users\86137\.trae-cn\extensions\redhat.java-1.53.0-win32-x64\jre\21.0.10-win32-x86_64\bin\msvcp140.dll
0x00007ff8e2130000 - 0x00007ff8e2ed1000 	c:\Users\86137\.trae-cn\extensions\redhat.java-1.53.0-win32-x64\jre\21.0.10-win32-x86_64\bin\server\jvm.dll
0x00007ff9ef6e0000 - 0x00007ff9ef79b000 	C:\WINDOWS\System32\ADVAPI32.dll
0x00007ff9f00c0000 - 0x00007ff9f0167000 	C:\WINDOWS\System32\sechost.dll
0x00007ff9f1200000 - 0x00007ff9f1318000 	C:\WINDOWS\System32\RPCRT4.dll
0x00007ff9f0bc0000 - 0x00007ff9f0c34000 	C:\WINDOWS\System32\WS2_32.dll
0x00007ff9ecb60000 - 0x00007ff9ecbbe000 	C:\WINDOWS\SYSTEM32\POWRPROF.dll
0x00007ff9e1010000 - 0x00007ff9e1045000 	C:\WINDOWS\SYSTEM32\WINMM.dll
0x00007ff9e6b80000 - 0x00007ff9e6b8b000 	C:\WINDOWS\SYSTEM32\VERSION.dll
0x00007ff9ecb40000 - 0x00007ff9ecb54000 	C:\WINDOWS\SYSTEM32\UMPDC.dll
0x00007ff9ece30000 - 0x00007ff9ece4b000 	C:\WINDOWS\SYSTEM32\kernel.appcore.dll
0x00007ff9d1f80000 - 0x00007ff9d1f8a000 	c:\Users\86137\.trae-cn\extensions\redhat.java-1.53.0-win32-x64\jre\21.0.10-win32-x86_64\bin\jimage.dll
0x00007ff9eb8d0000 - 0x00007ff9ebb12000 	C:\WINDOWS\SYSTEM32\DBGHELP.DLL
0x00007ff9f0170000 - 0x00007ff9f04f2000 	C:\WINDOWS\System32\combase.dll
0x00007ff9ef7a0000 - 0x00007ff9ef877000 	C:\WINDOWS\System32\OLEAUT32.dll
0x00007ff9cd4e0000 - 0x00007ff9cd51b000 	C:\WINDOWS\SYSTEM32\dbgcore.DLL
0x00007ff9eee20000 - 0x00007ff9eeec5000 	C:\WINDOWS\System32\bcryptPrimitives.dll
0x00007ff9d1f50000 - 0x00007ff9d1f5f000 	c:\Users\86137\.trae-cn\extensions\redhat.java-1.53.0-win32-x64\jre\21.0.10-win32-x86_64\bin\instrument.dll
0x00007ff9c4fc0000 - 0x00007ff9c4fe0000 	c:\Users\86137\.trae-cn\extensions\redhat.java-1.53.0-win32-x64\jre\21.0.10-win32-x86_64\bin\java.dll
0x00007ff9ef8c0000 - 0x00007ff9f001f000 	C:\WINDOWS\System32\SHELL32.dll
0x00007ff9edf80000 - 0x00007ff9ee0ea000 	C:\WINDOWS\System32\wintypes.dll
0x00007ff9ee3a0000 - 0x00007ff9eec04000 	C:\WINDOWS\System32\windows.storage.dll
0x00007ff9f1100000 - 0x00007ff9f11f7000 	C:\WINDOWS\System32\SHCORE.dll
0x00007ff9ef670000 - 0x00007ff9ef6d7000 	C:\WINDOWS\System32\shlwapi.dll
0x00007ff9edea0000 - 0x00007ff9edec9000 	C:\WINDOWS\SYSTEM32\profapi.dll
0x00007ff9be440000 - 0x00007ff9be458000 	c:\Users\86137\.trae-cn\extensions\redhat.java-1.53.0-win32-x64\jre\21.0.10-win32-x86_64\bin\zip.dll
0x00007ff9d14c0000 - 0x00007ff9d14d0000 	C:\Users\86137\.trae-cn\extensions\redhat.java-1.53.0-win32-x64\jre\21.0.10-win32-x86_64\bin\net.dll
0x00007ff9e6420000 - 0x00007ff9e6547000 	C:\WINDOWS\SYSTEM32\WINHTTP.dll
0x00007ff9ed3a0000 - 0x00007ff9ed40b000 	C:\WINDOWS\system32\mswsock.dll
0x00007ff9b8a00000 - 0x00007ff9b8a16000 	C:\Users\86137\.trae-cn\extensions\redhat.java-1.53.0-win32-x64\jre\21.0.10-win32-x86_64\bin\nio.dll
0x00007ff9c8d30000 - 0x00007ff9c8d40000 	c:\Users\86137\.trae-cn\extensions\redhat.java-1.53.0-win32-x64\jre\21.0.10-win32-x86_64\bin\verify.dll

JVMTI agents:
c:\Users\86137\.trae-cn\extensions\redhat.java-1.53.0-win32-x64\lombok\lombok-1.18.39-4050.jar path:c:\Users\86137\.trae-cn\extensions\redhat.java-1.53.0-win32-x64\jre\21.0.10-win32-x86_64\bin\instrument.dll, loaded, initialized, instrumentlib options:none

dbghelp: loaded successfully - version: 4.0.5 - missing functions: none
symbol engine: initialized successfully - sym options: 0x614 - pdb path: .;c:\Users\86137\.trae-cn\extensions\redhat.java-1.53.0-win32-x64\jre\21.0.10-win32-x86_64\bin;C:\WINDOWS\SYSTEM32;C:\WINDOWS\WinSxS\amd64_microsoft.windows.common-controls_6595b64144ccf1df_6.0.26100.8037_none_3e092faae333b53b;c:\Users\86137\.trae-cn\extensions\redhat.java-1.53.0-win32-x64\jre\21.0.10-win32-x86_64\bin\server

VM Arguments:
jvm_args: --add-modules=ALL-SYSTEM --add-opens=java.base/java.util=ALL-UNNAMED --add-opens=java.base/java.lang=ALL-UNNAMED --add-opens=java.base/sun.nio.fs=ALL-UNNAMED -Declipse.application=org.eclipse.jdt.ls.core.id1 -Dosgi.bundles.defaultStartLevel=4 -Declipse.product=org.eclipse.jdt.ls.core.product -Djava.import.generatesMetadataFilesAtProjectRoot=false -DDetectVMInstallationsJob.disabled=true -Dfile.encoding=utf8 -XX:+UseParallelGC -XX:GCTimeRatio=4 -XX:AdaptiveSizePolicyWeight=90 -Dsun.zip.disableMemoryMapping=true -Xmx2G -Xms100m -Xlog:disable -javaagent:c:\Users\86137\.trae-cn\extensions\redhat.java-1.53.0-win32-x64\lombok\lombok-1.18.39-4050.jar -XX:+HeapDumpOnOutOfMemoryError -XX:HeapDumpPath=c:\Users\86137\AppData\Roaming\Trae CN\User\workspaceStorage\b8e0054e22aa870547ae800d3a63b6ad\redhat.java -Daether.dependencyCollector.impl=bf 
java_command: c:\Users\86137\.trae-cn\extensions\redhat.java-1.53.0-win32-x64\server\plugins\org.eclipse.equinox.launcher_1.7.100.v20251111-0406.jar -configuration c:\Users\86137\AppData\Roaming\Trae CN\User\globalStorage\redhat.java\1.53.0\config_win -data c:\Users\86137\AppData\Roaming\Trae CN\User\workspaceStorage\b8e0054e22aa870547ae800d3a63b6ad\redhat.java\jdt_ws --pipe=\\.\pipe\lsp-c5bf6a41fccbde5b7075324093be8f52-sock
java_class_path (initial): c:\Users\86137\.trae-cn\extensions\redhat.java-1.53.0-win32-x64\server\plugins\org.eclipse.equinox.launcher_1.7.100.v20251111-0406.jar
Launcher Type: SUN_STANDARD

[Global flags]
    uintx AdaptiveSizePolicyWeight                 = 90                                        {product} {command line}
     intx CICompilerCount                          = 12                                        {product} {ergonomic}
    uintx GCTimeRatio                              = 4                                         {product} {command line}
     bool HeapDumpOnOutOfMemoryError               = true                                   {manageable} {command line}
    ccstr HeapDumpPath                             = c:\Users\86137\AppData\Roaming\Trae CN\User\workspaceStorage\b8e0054e22aa870547ae800d3a63b6ad\redhat.java         {manageable} {command line}
   size_t InitialHeapSize                          = 104857600                                 {product} {command line}
   size_t MaxHeapSize                              = 2147483648                                {product} {command line}
   size_t MaxNewSize                               = 715653120                                 {product} {ergonomic}
   size_t MinHeapDeltaBytes                        = 524288                                    {product} {ergonomic}
   size_t MinHeapSize                              = 104857600                                 {product} {command line}
   size_t NewSize                                  = 34603008                                  {product} {ergonomic}
    uintx NonNMethodCodeHeapSize                   = 7602480                                {pd product} {ergonomic}
    uintx NonProfiledCodeHeapSize                  = 122027880                              {pd product} {ergonomic}
   size_t OldSize                                  = 70254592                                  {product} {ergonomic}
    uintx ProfiledCodeHeapSize                     = 122027880                              {pd product} {ergonomic}
    uintx ReservedCodeCacheSize                    = 251658240                              {pd product} {ergonomic}
     bool SegmentedCodeCache                       = true                                      {product} {ergonomic}
   size_t SoftMaxHeapSize                          = 2147483648                             {manageable} {ergonomic}
     bool UseCompressedOops                        = true                           {product lp64_product} {ergonomic}
     bool UseLargePagesIndividualAllocation        = false                                  {pd product} {ergonomic}
     bool UseParallelGC                            = true                                      {product} {command line}

Logging:
Log output configuration:
 #0: stdout all=off uptime,level,tags foldmultilines=false
 #1: stderr all=off uptime,level,tags foldmultilines=false

Release file:
JAVA_VERSION="21.0.10" 
MODULES="java.base java.compiler java.datatransfer java.xml java.prefs java.desktop java.instrument java.logging java.management java.security.sasl java.naming java.rmi java.management.rmi java.net.http java.scripting java.security.jgss java.transaction.xa java.sql java.sql.rowset java.xml.crypto java.se java.smartcardio jdk.accessibility jdk.internal.jvmstat jdk.attach jdk.charsets jdk.internal.opt jdk.zipfs jdk.compiler jdk.crypto.ec jdk.crypto.cryptoki jdk.crypto.mscapi jdk.dynalink jdk.internal.ed jdk.editpad jdk.hotspot.agent jdk.httpserver jdk.internal.le jdk.internal.vm.ci jdk.internal.vm.compiler jdk.internal.vm.compiler.management jdk.jartool jdk.javadoc jdk.jcmd jdk.management jdk.management.agent jdk.jconsole jdk.jdeps jdk.jdwp.agent jdk.jdi jdk.jfr jdk.jshell jdk.jsobject jdk.jstatd jdk.localedata jdk.management.jfr jdk.naming.dns jdk.naming.rmi jdk.net jdk.nio.mapmode jdk.random jdk.sctp jdk.security.auth jdk.security.jgss jdk.unsupported jdk.unsupported.desktop jdk.xml.dom" 

Environment Variables:
JAVA_HOME=D:\Java\jdk-1.8
PATH=C:\Users\86137\.trae-cn\tools\gradle\latest\bin;D:\Java\jdk-1.8\bin;C:\Users\86137\.trae-cn\tools\maven\latest\bin;c:\Users\86137\.trae-cn\tools\trae-gopls\current;c:\Users\86137\.trae-cn\sdks\workspaces\b8e0054e\versions\node\current;c:\Users\86137\.trae-cn\sdks\versions\node\current;D:\Java\apache-maven-3.6.3\bin;D:\Java\jdk-1.8\bin;C:\Program Files\Common Files\Oracle\Java\javapath;C:\Program Files (x86)\Common Files\Oracle\Java\java8path;C:\Program Files (x86)\Common Files\Oracle\Java\javapath;C:\Windows\system32;C:\Windows;C:\Windows\System32\Wbem;C:\Windows\System32\WindowsPowerShell\v1.0\;C:\Windows\System32\OpenSSH\;C:\Program Files (x86)\NVIDIA Corporation\PhysX\Common;C:\MinGW\bin;C:\WINDOWS\system32;C:\WINDOWS;C:\WINDOWS\System32\Wbem;C:\WINDOWS\System32\WindowsPowerShell\v1.0\;C:\WINDOWS\System32\OpenSSH\;D:\apache-tomcat-10.1.23\apache-tomcat-10.1.23\bin;D:\go1.24.3.windows-amd64\go\bin;F:\sdk\platform-tools;C;\Program Files\CursorModifier;C:\WINDOWS\system32;C:\WINDOWS;C:\WINDOWS\System32\Wbem;C:\WINDOWS\System32\WindowsPowerShell\v1.0\;C:\WINDOWS\System32\OpenSSH\;C:\Program Files\NVIDIA Corporation\NVIDIA App\NvDLISR;F:\Git\cmd;C:\Users\86137\AppData\Local\Programs\Python\Python312\Scripts\;C:\Users\86137\AppData\Local\Programs\Python\Python312\;C:\Users\86137\AppData\Local\Programs\Python\Python314\Scripts\;C:\Users\86137\AppData\Local\Programs\Python\Python314\;C:\Users\86137\AppData\Local\Programs\Python\Python313\Scripts\;C:\Users\86137\AppData\Local\Programs\Python\Python313\;C:\Users\86137\AppData\Local\Programs\Python\Launcher\;C:\Users\86137\AppData\Local\Microsoft\WindowsApps;F:\vscode\Microsoft VS Code\bin;C:\msys64\ucrt64\bin;F:\sdk\platform-tools;C:\Users\86137\AppData\Local\GitHubDesktop\bin;C:\Users\86137\AppData\Roaming\npm;E:\scsx\DevEco Studio\bin;;D:\cursor\resources\app\bin;d:\Trae CN\resources\app\bin\lib
USERNAME=86137
OS=Windows_NT
PROCESSOR_IDENTIFIER=Intel64 Family 6 Model 154 Stepping 3, GenuineIntel
TMP=C:\Users\86137\AppData\Local\Temp
TEMP=C:\Users\86137\AppData\Local\Temp




Periodic native trim disabled

---------------  S Y S T E M  ---------------

OS:
 Windows 11 , 64 bit Build 26100 (10.0.26100.7920)
OS uptime: 0 days 1:55 hours
Hyper-V role detected

CPU: total 20 (initial active 20) (10 cores per cpu, 2 threads per core) family 6 model 154 stepping 3 microcode 0x429, cx8, cmov, fxsr, ht, mmx, 3dnowpref, sse, sse2, sse3, ssse3, sse4.1, sse4.2, popcnt, lzcnt, tsc, tscinvbit, avx, avx2, aes, erms, clmul, bmi1, bmi2, adx, sha, fma, vzeroupper, clflush, clflushopt, clwb, hv, serialize, rdtscp, rdpid, fsrm, f16c, cet_ibt, cet_ss
Processor Information for the first 20 processors :
  Max Mhz: 2300, Current Mhz: 2300, Mhz Limit: 2300

Memory: 4k page, system-wide physical 16004M (552M free)
TotalPageFile size 35553M (AvailPageFile size 8M)
current process WorkingSet (physical memory assigned to process): 86M, peak: 88M
current process commit charge ("private bytes"): 259M, peak: 263M

vm_info: OpenJDK 64-Bit Server VM (21.0.10+7-LTS) for windows-amd64 JRE (21.0.10+7-LTS), built on 2026-01-20T00:00:00Z by "admin" with MS VC++ 17.12 (VS2022)

END.
